<?xml version="1.0" encoding="UTF-8"?>
<testsuite name="AddressServiceTest" tests="2" skipped="0" failures="0" errors="0" timestamp="2021-05-14T11:09:15" hostname="DESKTOP-9D2AUPC" time="1.083">
  <properties/>
  <testcase name="deleteAddress()" classname="AddressServiceTest" time="1.069"/>
  <testcase name="addNewAddress()" classname="AddressServiceTest" time="0.006"/>
  <system-out><![CDATA[]]></system-out>
  <system-err><![CDATA[]]></system-err>
</testsuite>
